#
# An unexpected error has occurred (11)
#
Stack:
/home/leo/Xilinx/Vivado/2018.3/tps/lnx64/jre9.0.4/lib//server/libjvm.so(+0xb6aadb) [0x7f1363404adb]
/home/leo/Xilinx/Vivado/2018.3/tps/lnx64/jre9.0.4/lib//server/libjvm.so(JVM_handle_linux_signal+0xbb) [0x7f1363409e1b]
/home/leo/Xilinx/Vivado/2018.3/tps/lnx64/jre9.0.4/lib//server/libjvm.so(+0xb647b8) [0x7f13633fe7b8]
/lib/x86_64-linux-gnu/libc.so.6(+0x3efd0) [0x7f13a75ddfd0]
/home/leo/Xilinx/Vivado/2018.3/lib/lnx64.o/librdi_filemgmt.so(HDDASrcFileSubject::getCrcChecksum()+0x2c4) [0x7f137f9aeae4]
/home/leo/Xilinx/Vivado/2018.3/lib/lnx64.o/librdi_filemgmt.so(HDDAUtils::isDupFiles(HDDASrcFile*, HSTStringHashMap<HSTVector<HDDASrcFile*, std::allocator<HDDASrcFile*> > >&, std::ostream&)+0x833) [0x7f137f9cc653]
/home/leo/Xilinx/Vivado/2018.3/lib/lnx64.o/librdi_filemgmt.so(HDDAUtils::isDupFiles(HDDASrcFile*, HSTStringHashMap<HSTVector<HDDASrcFile*, std::allocator<HDDASrcFile*> > >&)+0x9c) [0x7f137f9cd20c]
/home/leo/Xilinx/Vivado/2018.3/lib/lnx64.o/librdi_filemgmt.so(HADAUtils::getOrderedSourceFiles(std::__cxx11::basic_string<char, std::char_traits<char>, std::allocator<char> > const&, HDDATypes::UsedIn, HDDACompositeFile const*, bool, HSTVector<HDDASrcFile*, std::allocator<HDDASrcFile*> >&, HSTStringHashMap<HSTVector<HDDASrcFile*, std::allocator<HDDASrcFile*> > >&)+0x1a1) [0x7f137fa1e3e1]
/home/leo/Xilinx/Vivado/2018.3/lib/lnx64.o/librdi_filemgmt.so(HADAUtils::getOrderedSourceFiles(std::__cxx11::basic_string<char, std::char_traits<char>, std::allocator<char> > const&, HDDATypes::UsedIn, HDDACompositeFile const*, HSTVector<HDDASrcFile*, std::allocator<HDDASrcFile*> >&)+0xde) [0x7f137fa1e7de]
/home/leo/Xilinx/Vivado/2018.3/lib/lnx64.o/librdi_tcltasks.so(HTCDesignHelpers::getCompileOrder(HDDATypes::UsedIn, HTCDesignHelpers::CompileOrderType, HDGUIStatus*, HSTVector<HADAFileSet*, std::allocator<HADAFileSet*> >&, HSTVector<HDDASrcFile*, std::allocator<HDDASrcFile*> >&, HSTVector<HDDASrcFile*, std::allocator<HDDASrcFile*> >&)+0xc1) [0x7f1399b26191]
/home/leo/Xilinx/Vivado/2018.3/lib/lnx64.o/librdi_tcltasks.so(+0xd6d770) [0x7f1399bab770]
/home/leo/Xilinx/Vivado/2018.3/lib/lnx64.o/librdi_common.so(+0x7ef352) [0x7f13a8920352]
/home/leo/Xilinx/Vivado/2018.3/lib/lnx64.o/libtcl8.5.so(+0x334af) [0x7f13a2a5e4af]
/home/leo/Xilinx/Vivado/2018.3/lib/lnx64.o/libtcl8.5.so(+0x76875) [0x7f13a2aa1875]
/home/leo/Xilinx/Vivado/2018.3/lib/lnx64.o/libtcl8.5.so(TclObjInterpProcCore+0x420) [0x7f13a2ae2df0]
/home/leo/Xilinx/Vivado/2018.3/lib/lnx64.o/libtcl8.5.so(+0x334af) [0x7f13a2a5e4af]
/home/leo/Xilinx/Vivado/2018.3/lib/lnx64.o/libtcl8.5.so(+0x76875) [0x7f13a2aa1875]
/home/leo/Xilinx/Vivado/2018.3/lib/lnx64.o/libtcl8.5.so(TclObjInterpProcCore+0x420) [0x7f13a2ae2df0]
/home/leo/Xilinx/Vivado/2018.3/lib/lnx64.o/libtcl8.5.so(+0x334af) [0x7f13a2a5e4af]
/home/leo/Xilinx/Vivado/2018.3/lib/lnx64.o/libtcl8.5.so(+0x76875) [0x7f13a2aa1875]
/home/leo/Xilinx/Vivado/2018.3/lib/lnx64.o/libtcl8.5.so(TclObjInterpProcCore+0x420) [0x7f13a2ae2df0]
/home/leo/Xilinx/Vivado/2018.3/lib/lnx64.o/libtcl8.5.so(+0x334af) [0x7f13a2a5e4af]
/home/leo/Xilinx/Vivado/2018.3/lib/lnx64.o/libtcl8.5.so(+0x76875) [0x7f13a2aa1875]
/home/leo/Xilinx/Vivado/2018.3/lib/lnx64.o/libtcl8.5.so(TclObjInterpProcCore+0x420) [0x7f13a2ae2df0]
/home/leo/Xilinx/Vivado/2018.3/lib/lnx64.o/libtcl8.5.so(+0x334af) [0x7f13a2a5e4af]
/home/leo/Xilinx/Vivado/2018.3/lib/lnx64.o/libtcl8.5.so(+0x76875) [0x7f13a2aa1875]
/home/leo/Xilinx/Vivado/2018.3/lib/lnx64.o/libtcl8.5.so(+0x7e029) [0x7f13a2aa9029]
/home/leo/Xilinx/Vivado/2018.3/lib/lnx64.o/libtcl8.5.so(TclEvalObjEx+0x76) [0x7f13a2a60156]
/home/leo/Xilinx/Vivado/2018.3/lib/lnx64.o/librdi_commontasks.so(+0x1da6e2) [0x7f139d1f36e2]
/home/leo/Xilinx/Vivado/2018.3/lib/lnx64.o/libtcl8.5.so(+0x334af) [0x7f13a2a5e4af]
/home/leo/Xilinx/Vivado/2018.3/lib/lnx64.o/libtcl8.5.so(+0x76875) [0x7f13a2aa1875]
/home/leo/Xilinx/Vivado/2018.3/lib/lnx64.o/libtcl8.5.so(TclObjInterpProcCore+0x420) [0x7f13a2ae2df0]
/home/leo/Xilinx/Vivado/2018.3/lib/lnx64.o/libtcl8.5.so(+0x334af) [0x7f13a2a5e4af]
/home/leo/Xilinx/Vivado/2018.3/lib/lnx64.o/libtcl8.5.so(+0x76875) [0x7f13a2aa1875]
/home/leo/Xilinx/Vivado/2018.3/lib/lnx64.o/libtcl8.5.so(TclObjInterpProcCore+0x420) [0x7f13a2ae2df0]
/home/leo/Xilinx/Vivado/2018.3/lib/lnx64.o/libtcl8.5.so(+0x334af) [0x7f13a2a5e4af]
/home/leo/Xilinx/Vivado/2018.3/lib/lnx64.o/libtcl8.5.so(+0x76875) [0x7f13a2aa1875]
/home/leo/Xilinx/Vivado/2018.3/lib/lnx64.o/libtcl8.5.so(TclObjInterpProcCore+0x420) [0x7f13a2ae2df0]
/home/leo/Xilinx/Vivado/2018.3/lib/lnx64.o/libtcl8.5.so(+0x334af) [0x7f13a2a5e4af]
/home/leo/Xilinx/Vivado/2018.3/lib/lnx64.o/libtcl8.5.so(Tcl_EvalObjv+0x32) [0x7f13a2a5e5e2]
/home/leo/Xilinx/Vivado/2018.3/lib/lnx64.o/libtcl8.5.so(TclEvalObjEx+0x322) [0x7f13a2a60402]
/home/leo/Xilinx/Vivado/2018.3/lib/lnx64.o/librdi_commontasks.so(+0x369911) [0x7f139d382911]
/home/leo/Xilinx/Vivado/2018.3/lib/lnx64.o/librdi_common.so(+0x7ef352) [0x7f13a8920352]
/home/leo/Xilinx/Vivado/2018.3/lib/lnx64.o/libtcl8.5.so(+0x334af) [0x7f13a2a5e4af]
/home/leo/Xilinx/Vivado/2018.3/lib/lnx64.o/libtcl8.5.so(+0x76875) [0x7f13a2aa1875]
/home/leo/Xilinx/Vivado/2018.3/lib/lnx64.o/libtcl8.5.so(+0x7e029) [0x7f13a2aa9029]
/home/leo/Xilinx/Vivado/2018.3/lib/lnx64.o/libtcl8.5.so(TclEvalObjEx+0x76) [0x7f13a2a60156]
/home/leo/Xilinx/Vivado/2018.3/lib/lnx64.o/librdi_common.so(+0x7ed861) [0x7f13a891e861]
/home/leo/Xilinx/Vivado/2018.3/lib/lnx64.o/libtcl8.5.so(Tcl_ServiceEvent+0x7f) [0x7f13a2ad2b0f]
/home/leo/Xilinx/Vivado/2018.3/lib/lnx64.o/libtcl8.5.so(Tcl_DoOneEvent+0x154) [0x7f13a2ad2e44]
/home/leo/Xilinx/Vivado/2018.3/lib/lnx64.o/librdi_commontasks.so(+0x2207a5) [0x7f139d2397a5]
/home/leo/Xilinx/Vivado/2018.3/lib/lnx64.o/librdi_commontasks.so(+0x228733) [0x7f139d241733]
/home/leo/Xilinx/Vivado/2018.3/lib/lnx64.o/librdi_commontasks.so(+0x2297ce) [0x7f139d2427ce]
/home/leo/Xilinx/Vivado/2018.3/lib/lnx64.o/librdi_common.so(+0x7ef352) [0x7f13a8920352]
/home/leo/Xilinx/Vivado/2018.3/lib/lnx64.o/libtcl8.5.so(+0x334af) [0x7f13a2a5e4af]
/home/leo/Xilinx/Vivado/2018.3/lib/lnx64.o/libtcl8.5.so(+0x76875) [0x7f13a2aa1875]
/home/leo/Xilinx/Vivado/2018.3/lib/lnx64.o/libtcl8.5.so(+0x7e029) [0x7f13a2aa9029]
/home/leo/Xilinx/Vivado/2018.3/lib/lnx64.o/libtcl8.5.so(TclEvalObjEx+0x76) [0x7f13a2a60156]
/home/leo/Xilinx/Vivado/2018.3/lib/lnx64.o/librdi_commonmain.so(+0x7414) [0x7f13a7f2d414]
/home/leo/Xilinx/Vivado/2018.3/lib/lnx64.o/libtcl8.5.so(Tcl_Main+0x1d0) [0x7f13a2acb210]
/home/leo/Xilinx/Vivado/2018.3/lib/lnx64.o/librdi_common.so(+0x83363b) [0x7f13a896463b]
/lib/x86_64-linux-gnu/libpthread.so.0(+0x76db) [0x7f13a73876db]
/lib/x86_64-linux-gnu/libc.so.6(clone+0x3f) [0x7f13a76c0a3f]
