Copyright 1986-2019 Xilinx, Inc. All Rights Reserved.
---------------------------------------------------------------------------------------------------------
| Tool Version : Vivado v.2019.1 (lin64) Build 2552052 Fri May 24 14:47:09 MDT 2019
| Date         : Fri Oct 15 20:51:27 2021
| Host         : leo running 64-bit Ubuntu 18.04.5 LTS
| Command      : report_utilization -file tx_intf_utilization_synth.rpt -pb tx_intf_utilization_synth.pb
| Design       : tx_intf
| Device       : 7z045ffg900-2
| Design State : Synthesized
---------------------------------------------------------------------------------------------------------

Utilization Design Information

Table of Contents
-----------------
1. Slice Logic
1.1 Summary of Registers by Type
2. Memory
3. DSP
4. IO and GT Specific
5. Clocking
6. Specific Feature
7. Primitives
8. Black Boxes
9. Instantiated Netlists

1. Slice Logic
--------------

+-------------------------+------+-------+-----------+-------+
|        Site Type        | Used | Fixed | Available | Util% |
+-------------------------+------+-------+-----------+-------+
| Slice LUTs*             |  810 |     0 |    218600 |  0.37 |
|   LUT as Logic          |  810 |     0 |    218600 |  0.37 |
|   LUT as Memory         |    0 |     0 |     70400 |  0.00 |
| Slice Registers         | 1033 |     0 |    437200 |  0.24 |
|   Register as Flip Flop | 1033 |     0 |    437200 |  0.24 |
|   Register as Latch     |    0 |     0 |    437200 |  0.00 |
| F7 Muxes                |   64 |     0 |    109300 |  0.06 |
| F8 Muxes                |    0 |     0 |     54650 |  0.00 |
+-------------------------+------+-------+-----------+-------+
* Warning! The Final LUT count, after physical optimizations and full implementation, is typically lower. Run opt_design after synthesis, if not already completed, for a more realistic count.


1.1 Summary of Registers by Type
--------------------------------

+-------+--------------+-------------+--------------+
| Total | Clock Enable | Synchronous | Asynchronous |
+-------+--------------+-------------+--------------+
| 0     |            _ |           - |            - |
| 0     |            _ |           - |          Set |
| 0     |            _ |           - |        Reset |
| 0     |            _ |         Set |            - |
| 0     |            _ |       Reset |            - |
| 0     |          Yes |           - |            - |
| 0     |          Yes |           - |          Set |
| 0     |          Yes |           - |        Reset |
| 0     |          Yes |         Set |            - |
| 1033  |          Yes |       Reset |            - |
+-------+--------------+-------------+--------------+


2. Memory
---------

+-------------------+------+-------+-----------+-------+
|     Site Type     | Used | Fixed | Available | Util% |
+-------------------+------+-------+-----------+-------+
| Block RAM Tile    |    2 |     0 |       545 |  0.37 |
|   RAMB36/FIFO*    |    2 |     0 |       545 |  0.37 |
|     RAMB36E1 only |    2 |       |           |       |
|   RAMB18          |    0 |     0 |      1090 |  0.00 |
+-------------------+------+-------+-----------+-------+
* Note: Each Block RAM Tile only has one FIFO logic available and therefore can accommodate only one FIFO36E1 or one FIFO18E1. However, if a FIFO18E1 occupies a Block RAM Tile, that tile can still accommodate a RAMB18E1


3. DSP
------

+----------------+------+-------+-----------+-------+
|    Site Type   | Used | Fixed | Available | Util% |
+----------------+------+-------+-----------+-------+
| DSPs           |    3 |     0 |       900 |  0.33 |
|   DSP48E1 only |    3 |       |           |       |
+----------------+------+-------+-----------+-------+


4. IO and GT Specific
---------------------

+-----------------------------+------+-------+-----------+--------+
|          Site Type          | Used | Fixed | Available |  Util% |
+-----------------------------+------+-------+-----------+--------+
| Bonded IOB                  |  760 |     0 |       362 | 209.94 |
| Bonded IPADs                |    0 |     0 |        50 |   0.00 |
| Bonded OPADs                |    0 |     0 |        32 |   0.00 |
| Bonded IOPADs               |    0 |     0 |       130 |   0.00 |
| PHY_CONTROL                 |    0 |     0 |         8 |   0.00 |
| PHASER_REF                  |    0 |     0 |         8 |   0.00 |
| OUT_FIFO                    |    0 |     0 |        32 |   0.00 |
| IN_FIFO                     |    0 |     0 |        32 |   0.00 |
| IDELAYCTRL                  |    0 |     0 |         8 |   0.00 |
| IBUFDS                      |    0 |     0 |       348 |   0.00 |
| GTXE2_COMMON                |    0 |     0 |         4 |   0.00 |
| GTXE2_CHANNEL               |    0 |     0 |        16 |   0.00 |
| PHASER_OUT/PHASER_OUT_PHY   |    0 |     0 |        32 |   0.00 |
| PHASER_IN/PHASER_IN_PHY     |    0 |     0 |        32 |   0.00 |
| IDELAYE2/IDELAYE2_FINEDELAY |    0 |     0 |       400 |   0.00 |
| ODELAYE2/ODELAYE2_FINEDELAY |    0 |     0 |       150 |   0.00 |
| IBUFDS_GTE2                 |    0 |     0 |         8 |   0.00 |
| ILOGIC                      |    0 |     0 |       362 |   0.00 |
| OLOGIC                      |    0 |     0 |       362 |   0.00 |
+-----------------------------+------+-------+-----------+--------+


5. Clocking
-----------

+------------+------+-------+-----------+-------+
|  Site Type | Used | Fixed | Available | Util% |
+------------+------+-------+-----------+-------+
| BUFGCTRL   |    4 |     0 |        32 | 12.50 |
| BUFIO      |    0 |     0 |        32 |  0.00 |
| MMCME2_ADV |    0 |     0 |         8 |  0.00 |
| PLLE2_ADV  |    0 |     0 |         8 |  0.00 |
| BUFMRCE    |    0 |     0 |        16 |  0.00 |
| BUFHCE     |    0 |     0 |       168 |  0.00 |
| BUFR       |    0 |     0 |        32 |  0.00 |
+------------+------+-------+-----------+-------+


6. Specific Feature
-------------------

+-------------+------+-------+-----------+-------+
|  Site Type  | Used | Fixed | Available | Util% |
+-------------+------+-------+-----------+-------+
| BSCANE2     |    0 |     0 |         4 |  0.00 |
| CAPTUREE2   |    0 |     0 |         1 |  0.00 |
| DNA_PORT    |    0 |     0 |         1 |  0.00 |
| EFUSE_USR   |    0 |     0 |         1 |  0.00 |
| FRAME_ECCE2 |    0 |     0 |         1 |  0.00 |
| ICAPE2      |    0 |     0 |         2 |  0.00 |
| PCIE_2_1    |    0 |     0 |         1 |  0.00 |
| STARTUPE2   |    0 |     0 |         1 |  0.00 |
| XADC        |    0 |     0 |         1 |  0.00 |
+-------------+------+-------+-----------+-------+


7. Primitives
-------------

+----------+------+---------------------+
| Ref Name | Used | Functional Category |
+----------+------+---------------------+
| FDRE     | 1033 |        Flop & Latch |
| IBUF     |  437 |                  IO |
| LUT4     |  387 |                 LUT |
| OBUF     |  323 |                  IO |
| LUT6     |  264 |                 LUT |
| LUT5     |  111 |                 LUT |
| LUT2     |   97 |                 LUT |
| LUT3     |   91 |                 LUT |
| CARRY4   |   65 |          CarryLogic |
| MUXF7    |   64 |               MuxFx |
| LUT1     |   42 |                 LUT |
| BUFG     |    4 |               Clock |
| DSP48E1  |    3 |    Block Arithmetic |
| RAMB36E1 |    2 |        Block Memory |
+----------+------+---------------------+


8. Black Boxes
--------------

+---------------------------------------+------+
|                Ref Name               | Used |
+---------------------------------------+------+
| fifo64_1clk_dep64_fifo_generator_0_0  |    2 |
| fifo64_1clk_dep512_fifo_generator_0_0 |    1 |
| fifo64_1clk_dep4k_fifo_generator_0_0  |    1 |
| fifo32_2clk_dep32_fifo_generator_0_0  |    1 |
| fifo32_1clk_dep64_fifo_generator_0_0  |    1 |
| fifo32_1clk_dep512_fifo_generator_0_0 |    1 |
| duc_bank_core_mixer_duc_0_0           |    1 |
| duc_bank_core_fir_compiler_0_0        |    1 |
+---------------------------------------+------+


9. Instantiated Netlists
------------------------

+----------+------+
| Ref Name | Used |
+----------+------+


