Duplicated file found; will not be sent for synthesis: /home/leo/Documents/openwifi/openwifi-hw/boards/zc706_fmcs2/src/ipshared/ef1e/hdl/lib_cdc_v1_0_rfs.vhd
Duplicated file found; will not be sent for synthesis: /home/leo/Documents/openwifi/openwifi-hw/boards/zc706_fmcs2/src/ipshared/common/ad_rst.v
Duplicated file found; will not be sent for synthesis: /home/leo/Documents/openwifi/openwifi-hw/boards/zc706_fmcs2/src/ipshared/common/up_axi.v
Duplicated file found; will not be sent for synthesis: /home/leo/Documents/openwifi/openwifi-hw/boards/zc706_fmcs2/src/ipshared/common/ad_mem.v
Duplicated file found; will not be sent for synthesis: /home/leo/Documents/openwifi/openwifi-hw/boards/zc706_fmcs2/src/ipshared/common/up_axi.v
Duplicated file found; will not be sent for synthesis: /home/leo/Documents/openwifi/openwifi-hw/boards/zc706_fmcs2/src/ipshared/common/up_axi.v
Duplicated file found; will not be sent for synthesis: /home/leo/Documents/openwifi/openwifi-hw/boards/zc706_fmcs2/src/ipshared/4649/hdl/xlconstant_v1_1_vl_rfs.v
Duplicated file found; will not be sent for synthesis: /home/leo/Documents/openwifi/openwifi-hw/boards/zc706_fmcs2/src/ipshared/ef1e/hdl/lib_cdc_v1_0_rfs.vhd
Duplicated file found; will not be sent for synthesis: /home/leo/Documents/openwifi/openwifi-hw/boards/zc706_fmcs2/src/ipshared/8842/hdl/proc_sys_reset_v5_0_vh_rfs.vhd
Duplicated file found; will not be sent for synthesis: /home/leo/Documents/openwifi/openwifi-hw/boards/zc706_fmcs2/src/ipshared/979d/hdl/verilog/sc_util_v1_0_4_constants.vh
Duplicated file found; will not be sent for synthesis: /home/leo/Documents/openwifi/openwifi-hw/boards/zc706_fmcs2/src/ipshared/979d/hdl/verilog/sc_util_v1_0_4_structs.svh
Duplicated file found; will not be sent for synthesis: /home/leo/Documents/openwifi/openwifi-hw/boards/zc706_fmcs2/src/ipshared/979d/hdl/sc_util_v1_0_vl_rfs.sv
Duplicated file found; will not be sent for synthesis: /home/leo/Documents/openwifi/openwifi-hw/boards/zc706_fmcs2/src/ipshared/979d/hdl/verilog/sc_util_v1_0_4_constants.vh
Duplicated file found; will not be sent for synthesis: /home/leo/Documents/openwifi/openwifi-hw/boards/zc706_fmcs2/src/ipshared/979d/hdl/verilog/sc_util_v1_0_4_structs.svh
Duplicated file found; will not be sent for synthesis: /home/leo/Documents/openwifi/openwifi-hw/boards/zc706_fmcs2/src/ipshared/979d/hdl/sc_util_v1_0_vl_rfs.sv
Duplicated file found; will not be sent for synthesis: /home/leo/Documents/openwifi/openwifi-hw/boards/zc706_fmcs2/src/ipshared/979d/hdl/verilog/sc_util_v1_0_4_constants.vh
Duplicated file found; will not be sent for synthesis: /home/leo/Documents/openwifi/openwifi-hw/boards/zc706_fmcs2/src/ipshared/979d/hdl/verilog/sc_util_v1_0_4_structs.svh
Duplicated file found; will not be sent for synthesis: /home/leo/Documents/openwifi/openwifi-hw/boards/zc706_fmcs2/src/ipshared/979d/hdl/sc_util_v1_0_vl_rfs.sv
Duplicated file found; will not be sent for synthesis: /home/leo/Documents/openwifi/openwifi-hw/boards/zc706_fmcs2/src/ipshared/979d/hdl/verilog/sc_util_v1_0_4_constants.vh
Duplicated file found; will not be sent for synthesis: /home/leo/Documents/openwifi/openwifi-hw/boards/zc706_fmcs2/src/ipshared/979d/hdl/verilog/sc_util_v1_0_4_structs.svh
Duplicated file found; will not be sent for synthesis: /home/leo/Documents/openwifi/openwifi-hw/boards/zc706_fmcs2/src/ipshared/979d/hdl/sc_util_v1_0_vl_rfs.sv
Duplicated file found; will not be sent for synthesis: /home/leo/Documents/openwifi/openwifi-hw/boards/zc706_fmcs2/src/ipshared/979d/hdl/verilog/sc_util_v1_0_4_constants.vh
Duplicated file found; will not be sent for synthesis: /home/leo/Documents/openwifi/openwifi-hw/boards/zc706_fmcs2/src/ipshared/979d/hdl/verilog/sc_util_v1_0_4_structs.svh
Duplicated file found; will not be sent for synthesis: /home/leo/Documents/openwifi/openwifi-hw/boards/zc706_fmcs2/src/ipshared/979d/hdl/sc_util_v1_0_vl_rfs.sv
Duplicated file found; will not be sent for synthesis: /home/leo/Documents/openwifi/openwifi-hw/boards/zc706_fmcs2/src/ipshared/b2d0/hdl/verilog/sc_node_v1_0_10_t_reqsend.svh
Duplicated file found; will not be sent for synthesis: /home/leo/Documents/openwifi/openwifi-hw/boards/zc706_fmcs2/src/ipshared/b2d0/hdl/sc_node_v1_0_vl_rfs.sv
Duplicated file found; will not be sent for synthesis: /home/leo/Documents/openwifi/openwifi-hw/boards/zc706_fmcs2/src/ipshared/979d/hdl/verilog/sc_util_v1_0_4_constants.vh
Duplicated file found; will not be sent for synthesis: /home/leo/Documents/openwifi/openwifi-hw/boards/zc706_fmcs2/src/ipshared/979d/hdl/verilog/sc_util_v1_0_4_structs.svh
Duplicated file found; will not be sent for synthesis: /home/leo/Documents/openwifi/openwifi-hw/boards/zc706_fmcs2/src/ipshared/979d/hdl/sc_util_v1_0_vl_rfs.sv
Duplicated file found; will not be sent for synthesis: /home/leo/Documents/openwifi/openwifi-hw/boards/zc706_fmcs2/src/ipshared/979d/hdl/verilog/sc_util_v1_0_4_constants.vh
Duplicated file found; will not be sent for synthesis: /home/leo/Documents/openwifi/openwifi-hw/boards/zc706_fmcs2/src/ipshared/979d/hdl/verilog/sc_util_v1_0_4_structs.svh
Duplicated file found; will not be sent for synthesis: /home/leo/Documents/openwifi/openwifi-hw/boards/zc706_fmcs2/src/ipshared/979d/hdl/sc_util_v1_0_vl_rfs.sv
Duplicated file found; will not be sent for synthesis: /home/leo/Documents/openwifi/openwifi-hw/boards/zc706_fmcs2/src/ipshared/common/ad_rst.v
Duplicated file found; will not be sent for synthesis: /home/leo/Documents/openwifi/openwifi-hw/boards/zc706_fmcs2/src/ipshared/common/up_axi.v
Duplicated file found; will not be sent for synthesis: /home/leo/Documents/openwifi/openwifi-hw/boards/zc706_fmcs2/src/ipshared/common/up_clock_mon.v
Duplicated file found; will not be sent for synthesis: /home/leo/Documents/openwifi/openwifi-hw/boards/zc706_fmcs2/src/ipshared/common/up_xfer_cntrl.v
Duplicated file found; will not be sent for synthesis: /home/leo/Documents/openwifi/openwifi-hw/boards/zc706_fmcs2/src/ipshared/common/up_xfer_status.v
Duplicated file found; will not be sent for synthesis: /home/leo/Documents/openwifi/openwifi-hw/boards/zc706_fmcs2/src/ipshared/2f66/hdl/xlconcat_v2_1_vl_rfs.v
Duplicated file found; will not be sent for synthesis: /home/leo/Documents/openwifi/openwifi-hw/boards/zc706_fmcs2/src/ipshared/ef1e/hdl/lib_cdc_v1_0_rfs.vhd
Duplicated file found; will not be sent for synthesis: /home/leo/Documents/openwifi/openwifi-hw/boards/zc706_fmcs2/src/ipshared/8842/hdl/proc_sys_reset_v5_0_vh_rfs.vhd
Duplicated file found; will not be sent for synthesis: /home/leo/Documents/openwifi/openwifi-hw/boards/zc706_fmcs2/src/ipshared/common/ad_mem.v
Duplicated file found; will not be sent for synthesis: /home/leo/Documents/openwifi/openwifi-hw/boards/zc706_fmcs2/src/ipshared/cb53/sync_bits.v
Duplicated file found; will not be sent for synthesis: /home/leo/Documents/openwifi/openwifi-hw/boards/zc706_fmcs2/src/ipshared/cb53/sync_data.v
Duplicated file found; will not be sent for synthesis: /home/leo/Documents/openwifi/openwifi-hw/boards/zc706_fmcs2/src/ipshared/cb53/sync_event.v
Duplicated file found; will not be sent for synthesis: /home/leo/Documents/openwifi/openwifi-hw/boards/zc706_fmcs2/src/ipshared/cb53/sync_gray.v
Duplicated file found; will not be sent for synthesis: /home/leo/Documents/openwifi/openwifi-hw/boards/zc706_fmcs2/src/ipshared/common/ad_mem.v
Duplicated file found; will not be sent for synthesis: /home/leo/Documents/openwifi/openwifi-hw/boards/zc706_fmcs2/src/ipshared/cf62/address_gray_pipelined.v
Duplicated file found; will not be sent for synthesis: /home/leo/Documents/openwifi/openwifi-hw/boards/zc706_fmcs2/src/ipshared/cf62/address_sync.v
Duplicated file found; will not be sent for synthesis: /home/leo/Documents/openwifi/openwifi-hw/boards/zc706_fmcs2/src/ipshared/cf62/util_axis_fifo.v
Duplicated file found; will not be sent for synthesis: /home/leo/Documents/openwifi/openwifi-hw/boards/zc706_fmcs2/src/ipshared/adb9/2d_transfer.v
Duplicated file found; will not be sent for synthesis: /home/leo/Documents/openwifi/openwifi-hw/boards/zc706_fmcs2/src/ipshared/common/ad_mem_asym.v
Duplicated file found; will not be sent for synthesis: /home/leo/Documents/openwifi/openwifi-hw/boards/zc706_fmcs2/src/ipshared/adb9/inc_id.vh
Duplicated file found; will not be sent for synthesis: /home/leo/Documents/openwifi/openwifi-hw/boards/zc706_fmcs2/src/ipshared/adb9/address_generator.v
Duplicated file found; will not be sent for synthesis: /home/leo/Documents/openwifi/openwifi-hw/boards/zc706_fmcs2/src/ipshared/adb9/axi_dmac_burst_memory.v
Duplicated file found; will not be sent for synthesis: /home/leo/Documents/openwifi/openwifi-hw/boards/zc706_fmcs2/src/ipshared/adb9/axi_dmac_regmap.v
Duplicated file found; will not be sent for synthesis: /home/leo/Documents/openwifi/openwifi-hw/boards/zc706_fmcs2/src/ipshared/adb9/axi_dmac_regmap_request.v
Duplicated file found; will not be sent for synthesis: /home/leo/Documents/openwifi/openwifi-hw/boards/zc706_fmcs2/src/ipshared/adb9/axi_dmac_reset_manager.v
Duplicated file found; will not be sent for synthesis: /home/leo/Documents/openwifi/openwifi-hw/boards/zc706_fmcs2/src/ipshared/adb9/axi_dmac_resize_dest.v
Duplicated file found; will not be sent for synthesis: /home/leo/Documents/openwifi/openwifi-hw/boards/zc706_fmcs2/src/ipshared/adb9/axi_dmac_resize_src.v
Duplicated file found; will not be sent for synthesis: /home/leo/Documents/openwifi/openwifi-hw/boards/zc706_fmcs2/src/ipshared/adb9/axi_dmac_response_manager.v
Duplicated file found; will not be sent for synthesis: /home/leo/Documents/openwifi/openwifi-hw/boards/zc706_fmcs2/src/ipshared/adb9/axi_dmac_transfer.v
Duplicated file found; will not be sent for synthesis: /home/leo/Documents/openwifi/openwifi-hw/boards/zc706_fmcs2/src/ipshared/adb9/axi_register_slice.v
Duplicated file found; will not be sent for synthesis: /home/leo/Documents/openwifi/openwifi-hw/boards/zc706_fmcs2/src/ipshared/adb9/data_mover.v
Duplicated file found; will not be sent for synthesis: /home/leo/Documents/openwifi/openwifi-hw/boards/zc706_fmcs2/src/ipshared/adb9/dest_axi_mm.v
Duplicated file found; will not be sent for synthesis: /home/leo/Documents/openwifi/openwifi-hw/boards/zc706_fmcs2/src/ipshared/adb9/dest_axi_stream.v
Duplicated file found; will not be sent for synthesis: /home/leo/Documents/openwifi/openwifi-hw/boards/zc706_fmcs2/src/ipshared/adb9/dest_fifo_inf.v
Duplicated file found; will not be sent for synthesis: /home/leo/Documents/openwifi/openwifi-hw/boards/zc706_fmcs2/src/ipshared/adb9/request_arb.v
Duplicated file found; will not be sent for synthesis: /home/leo/Documents/openwifi/openwifi-hw/boards/zc706_fmcs2/src/ipshared/adb9/request_generator.v
Duplicated file found; will not be sent for synthesis: /home/leo/Documents/openwifi/openwifi-hw/boards/zc706_fmcs2/src/ipshared/adb9/resp.vh
Duplicated file found; will not be sent for synthesis: /home/leo/Documents/openwifi/openwifi-hw/boards/zc706_fmcs2/src/ipshared/adb9/response_generator.v
Duplicated file found; will not be sent for synthesis: /home/leo/Documents/openwifi/openwifi-hw/boards/zc706_fmcs2/src/ipshared/adb9/response_handler.v
Duplicated file found; will not be sent for synthesis: /home/leo/Documents/openwifi/openwifi-hw/boards/zc706_fmcs2/src/ipshared/adb9/splitter.v
Duplicated file found; will not be sent for synthesis: /home/leo/Documents/openwifi/openwifi-hw/boards/zc706_fmcs2/src/ipshared/adb9/src_axi_mm.v
Duplicated file found; will not be sent for synthesis: /home/leo/Documents/openwifi/openwifi-hw/boards/zc706_fmcs2/src/ipshared/adb9/src_axi_stream.v
Duplicated file found; will not be sent for synthesis: /home/leo/Documents/openwifi/openwifi-hw/boards/zc706_fmcs2/src/ipshared/adb9/src_fifo_inf.v
Duplicated file found; will not be sent for synthesis: /home/leo/Documents/openwifi/openwifi-hw/boards/zc706_fmcs2/src/ipshared/common/up_axi.v
Duplicated file found; will not be sent for synthesis: /home/leo/Documents/openwifi/openwifi-hw/boards/zc706_fmcs2/src/ipshared/adb9/axi_dmac.v
Duplicated file found; will not be sent for synthesis: /home/leo/Documents/openwifi/openwifi-hw/boards/zc706_fmcs2/src/ipshared/common/ad_mem.v
Duplicated file found; will not be sent for synthesis: /home/leo/Documents/openwifi/openwifi-hw/boards/zc706_fmcs2/src/common/ad_perfect_shuffle.v
Duplicated file found; will not be sent for synthesis: /home/leo/Documents/openwifi/openwifi-hw/boards/zc706_fmcs2/src/ipshared/util_pack_common/pack_ctrl.v
Duplicated file found; will not be sent for synthesis: /home/leo/Documents/openwifi/openwifi-hw/boards/zc706_fmcs2/src/ipshared/util_pack_common/pack_interconnect.v
Duplicated file found; will not be sent for synthesis: /home/leo/Documents/openwifi/openwifi-hw/boards/zc706_fmcs2/src/ipshared/util_pack_common/pack_network.v
Duplicated file found; will not be sent for synthesis: /home/leo/Documents/openwifi/openwifi-hw/boards/zc706_fmcs2/src/ipshared/util_pack_common/pack_shell.v
Duplicated file found; will not be sent for synthesis: /home/leo/Documents/openwifi/openwifi-hw/boards/zc706_fmcs2/src/ipshared/cb53/sync_bits.v
Duplicated file found; will not be sent for synthesis: /home/leo/Documents/openwifi/openwifi-hw/boards/zc706_fmcs2/src/ipshared/cb53/sync_data.v
Duplicated file found; will not be sent for synthesis: /home/leo/Documents/openwifi/openwifi-hw/boards/zc706_fmcs2/src/ipshared/cb53/sync_event.v
Duplicated file found; will not be sent for synthesis: /home/leo/Documents/openwifi/openwifi-hw/boards/zc706_fmcs2/src/ipshared/cb53/sync_gray.v
Duplicated file found; will not be sent for synthesis: /home/leo/Documents/openwifi/openwifi-hw/boards/zc706_fmcs2/src/ipshared/common/ad_mem.v
Duplicated file found; will not be sent for synthesis: /home/leo/Documents/openwifi/openwifi-hw/boards/zc706_fmcs2/src/ipshared/cf62/address_gray_pipelined.v
Duplicated file found; will not be sent for synthesis: /home/leo/Documents/openwifi/openwifi-hw/boards/zc706_fmcs2/src/ipshared/cf62/address_sync.v
Duplicated file found; will not be sent for synthesis: /home/leo/Documents/openwifi/openwifi-hw/boards/zc706_fmcs2/src/ipshared/cf62/util_axis_fifo.v
Duplicated file found; will not be sent for synthesis: /home/leo/Documents/openwifi/openwifi-hw/boards/zc706_fmcs2/src/ipshared/adb9/2d_transfer.v
Duplicated file found; will not be sent for synthesis: /home/leo/Documents/openwifi/openwifi-hw/boards/zc706_fmcs2/src/ipshared/common/ad_mem_asym.v
Duplicated file found; will not be sent for synthesis: /home/leo/Documents/openwifi/openwifi-hw/boards/zc706_fmcs2/src/ipshared/adb9/inc_id.vh
Duplicated file found; will not be sent for synthesis: /home/leo/Documents/openwifi/openwifi-hw/boards/zc706_fmcs2/src/ipshared/adb9/address_generator.v
Duplicated file found; will not be sent for synthesis: /home/leo/Documents/openwifi/openwifi-hw/boards/zc706_fmcs2/src/ipshared/adb9/axi_dmac_burst_memory.v
Duplicated file found; will not be sent for synthesis: /home/leo/Documents/openwifi/openwifi-hw/boards/zc706_fmcs2/src/ipshared/adb9/axi_dmac_regmap.v
Duplicated file found; will not be sent for synthesis: /home/leo/Documents/openwifi/openwifi-hw/boards/zc706_fmcs2/src/ipshared/adb9/axi_dmac_regmap_request.v
Duplicated file found; will not be sent for synthesis: /home/leo/Documents/openwifi/openwifi-hw/boards/zc706_fmcs2/src/ipshared/adb9/axi_dmac_reset_manager.v
Duplicated file found; will not be sent for synthesis: /home/leo/Documents/openwifi/openwifi-hw/boards/zc706_fmcs2/src/ipshared/adb9/axi_dmac_resize_dest.v
Duplicated file found; will not be sent for synthesis: /home/leo/Documents/openwifi/openwifi-hw/boards/zc706_fmcs2/src/ipshared/adb9/axi_dmac_resize_src.v
Duplicated file found; will not be sent for synthesis: /home/leo/Documents/openwifi/openwifi-hw/boards/zc706_fmcs2/src/ipshared/adb9/axi_dmac_response_manager.v
Duplicated file found; will not be sent for synthesis: /home/leo/Documents/openwifi/openwifi-hw/boards/zc706_fmcs2/src/ipshared/adb9/axi_dmac_transfer.v
Duplicated file found; will not be sent for synthesis: /home/leo/Documents/openwifi/openwifi-hw/boards/zc706_fmcs2/src/ipshared/adb9/axi_register_slice.v
Duplicated file found; will not be sent for synthesis: /home/leo/Documents/openwifi/openwifi-hw/boards/zc706_fmcs2/src/ipshared/adb9/data_mover.v
Duplicated file found; will not be sent for synthesis: /home/leo/Documents/openwifi/openwifi-hw/boards/zc706_fmcs2/src/ipshared/adb9/dest_axi_mm.v
Duplicated file found; will not be sent for synthesis: /home/leo/Documents/openwifi/openwifi-hw/boards/zc706_fmcs2/src/ipshared/adb9/dest_axi_stream.v
Duplicated file found; will not be sent for synthesis: /home/leo/Documents/openwifi/openwifi-hw/boards/zc706_fmcs2/src/ipshared/adb9/dest_fifo_inf.v
Duplicated file found; will not be sent for synthesis: /home/leo/Documents/openwifi/openwifi-hw/boards/zc706_fmcs2/src/ipshared/adb9/request_arb.v
Duplicated file found; will not be sent for synthesis: /home/leo/Documents/openwifi/openwifi-hw/boards/zc706_fmcs2/src/ipshared/adb9/request_generator.v
Duplicated file found; will not be sent for synthesis: /home/leo/Documents/openwifi/openwifi-hw/boards/zc706_fmcs2/src/ipshared/adb9/resp.vh
Duplicated file found; will not be sent for synthesis: /home/leo/Documents/openwifi/openwifi-hw/boards/zc706_fmcs2/src/ipshared/adb9/response_generator.v
Duplicated file found; will not be sent for synthesis: /home/leo/Documents/openwifi/openwifi-hw/boards/zc706_fmcs2/src/ipshared/adb9/response_handler.v
Duplicated file found; will not be sent for synthesis: /home/leo/Documents/openwifi/openwifi-hw/boards/zc706_fmcs2/src/ipshared/adb9/splitter.v
Duplicated file found; will not be sent for synthesis: /home/leo/Documents/openwifi/openwifi-hw/boards/zc706_fmcs2/src/ipshared/adb9/src_axi_mm.v
Duplicated file found; will not be sent for synthesis: /home/leo/Documents/openwifi/openwifi-hw/boards/zc706_fmcs2/src/ipshared/adb9/src_axi_stream.v
Duplicated file found; will not be sent for synthesis: /home/leo/Documents/openwifi/openwifi-hw/boards/zc706_fmcs2/src/ipshared/adb9/src_fifo_inf.v
Duplicated file found; will not be sent for synthesis: /home/leo/Documents/openwifi/openwifi-hw/boards/zc706_fmcs2/src/ipshared/common/up_axi.v
Duplicated file found; will not be sent for synthesis: /home/leo/Documents/openwifi/openwifi-hw/boards/zc706_fmcs2/src/ipshared/adb9/axi_dmac.v
Duplicated file found; will not be sent for synthesis: /home/leo/Documents/openwifi/openwifi-hw/boards/zc706_fmcs2/src/ipshared/4649/hdl/xlconstant_v1_1_vl_rfs.v
Duplicated file found; will not be sent for synthesis: /home/leo/Documents/openwifi/openwifi-hw/boards/zc706_fmcs2/src/ipshared/ef1e/hdl/lib_cdc_v1_0_rfs.vhd
Duplicated file found; will not be sent for synthesis: /home/leo/Documents/openwifi/openwifi-hw/boards/zc706_fmcs2/src/ipshared/8842/hdl/proc_sys_reset_v5_0_vh_rfs.vhd
Duplicated file found; will not be sent for synthesis: /home/leo/Documents/openwifi/openwifi-hw/boards/zc706_fmcs2/src/ipshared/979d/hdl/verilog/sc_util_v1_0_4_constants.vh
Duplicated file found; will not be sent for synthesis: /home/leo/Documents/openwifi/openwifi-hw/boards/zc706_fmcs2/src/ipshared/979d/hdl/verilog/sc_util_v1_0_4_structs.svh
Duplicated file found; will not be sent for synthesis: /home/leo/Documents/openwifi/openwifi-hw/boards/zc706_fmcs2/src/ipshared/979d/hdl/sc_util_v1_0_vl_rfs.sv
Duplicated file found; will not be sent for synthesis: /home/leo/Documents/openwifi/openwifi-hw/boards/zc706_fmcs2/src/ipshared/f85e/hdl/sc_mmu_v1_0_vl_rfs.sv
Duplicated file found; will not be sent for synthesis: /home/leo/Documents/openwifi/openwifi-hw/boards/zc706_fmcs2/src/ipshared/979d/hdl/verilog/sc_util_v1_0_4_constants.vh
Duplicated file found; will not be sent for synthesis: /home/leo/Documents/openwifi/openwifi-hw/boards/zc706_fmcs2/src/ipshared/979d/hdl/verilog/sc_util_v1_0_4_structs.svh
Duplicated file found; will not be sent for synthesis: /home/leo/Documents/openwifi/openwifi-hw/boards/zc706_fmcs2/src/ipshared/979d/hdl/sc_util_v1_0_vl_rfs.sv
Duplicated file found; will not be sent for synthesis: /home/leo/Documents/openwifi/openwifi-hw/boards/zc706_fmcs2/src/ipshared/ca72/hdl/sc_transaction_regulator_v1_0_vl_rfs.sv
Duplicated file found; will not be sent for synthesis: /home/leo/Documents/openwifi/openwifi-hw/boards/zc706_fmcs2/src/ipshared/979d/hdl/verilog/sc_util_v1_0_4_constants.vh
Duplicated file found; will not be sent for synthesis: /home/leo/Documents/openwifi/openwifi-hw/boards/zc706_fmcs2/src/ipshared/979d/hdl/verilog/sc_util_v1_0_4_structs.svh
Duplicated file found; will not be sent for synthesis: /home/leo/Documents/openwifi/openwifi-hw/boards/zc706_fmcs2/src/ipshared/979d/hdl/sc_util_v1_0_vl_rfs.sv
Duplicated file found; will not be sent for synthesis: /home/leo/Documents/openwifi/openwifi-hw/boards/zc706_fmcs2/src/ipshared/9ade/hdl/sc_si_converter_v1_0_vl_rfs.sv
Duplicated file found; will not be sent for synthesis: /home/leo/Documents/openwifi/openwifi-hw/boards/zc706_fmcs2/src/ipshared/979d/hdl/verilog/sc_util_v1_0_4_constants.vh
Duplicated file found; will not be sent for synthesis: /home/leo/Documents/openwifi/openwifi-hw/boards/zc706_fmcs2/src/ipshared/979d/hdl/verilog/sc_util_v1_0_4_structs.svh
Duplicated file found; will not be sent for synthesis: /home/leo/Documents/openwifi/openwifi-hw/boards/zc706_fmcs2/src/ipshared/979d/hdl/sc_util_v1_0_vl_rfs.sv
Duplicated file found; will not be sent for synthesis: /home/leo/Documents/openwifi/openwifi-hw/boards/zc706_fmcs2/src/ipshared/b89e/hdl/sc_axi2sc_v1_0_vl_rfs.sv
Duplicated file found; will not be sent for synthesis: /home/leo/Documents/openwifi/openwifi-hw/boards/zc706_fmcs2/src/ipshared/979d/hdl/verilog/sc_util_v1_0_4_constants.vh
Duplicated file found; will not be sent for synthesis: /home/leo/Documents/openwifi/openwifi-hw/boards/zc706_fmcs2/src/ipshared/979d/hdl/verilog/sc_util_v1_0_4_structs.svh
Duplicated file found; will not be sent for synthesis: /home/leo/Documents/openwifi/openwifi-hw/boards/zc706_fmcs2/src/ipshared/979d/hdl/sc_util_v1_0_vl_rfs.sv
Duplicated file found; will not be sent for synthesis: /home/leo/Documents/openwifi/openwifi-hw/boards/zc706_fmcs2/src/ipshared/b2d0/hdl/verilog/sc_node_v1_0_10_t_reqsend.svh
Duplicated file found; will not be sent for synthesis: /home/leo/Documents/openwifi/openwifi-hw/boards/zc706_fmcs2/src/ipshared/b2d0/hdl/sc_node_v1_0_vl_rfs.sv
Duplicated file found; will not be sent for synthesis: /home/leo/Documents/openwifi/openwifi-hw/boards/zc706_fmcs2/src/ipshared/979d/hdl/verilog/sc_util_v1_0_4_constants.vh
Duplicated file found; will not be sent for synthesis: /home/leo/Documents/openwifi/openwifi-hw/boards/zc706_fmcs2/src/ipshared/979d/hdl/verilog/sc_util_v1_0_4_structs.svh
Duplicated file found; will not be sent for synthesis: /home/leo/Documents/openwifi/openwifi-hw/boards/zc706_fmcs2/src/ipshared/979d/hdl/sc_util_v1_0_vl_rfs.sv
Duplicated file found; will not be sent for synthesis: /home/leo/Documents/openwifi/openwifi-hw/boards/zc706_fmcs2/src/ipshared/b2d0/hdl/verilog/sc_node_v1_0_10_t_reqsend.svh
Duplicated file found; will not be sent for synthesis: /home/leo/Documents/openwifi/openwifi-hw/boards/zc706_fmcs2/src/ipshared/b2d0/hdl/sc_node_v1_0_vl_rfs.sv
Duplicated file found; will not be sent for synthesis: /home/leo/Documents/openwifi/openwifi-hw/boards/zc706_fmcs2/src/ipshared/979d/hdl/verilog/sc_util_v1_0_4_constants.vh
Duplicated file found; will not be sent for synthesis: /home/leo/Documents/openwifi/openwifi-hw/boards/zc706_fmcs2/src/ipshared/979d/hdl/verilog/sc_util_v1_0_4_structs.svh
Duplicated file found; will not be sent for synthesis: /home/leo/Documents/openwifi/openwifi-hw/boards/zc706_fmcs2/src/ipshared/979d/hdl/sc_util_v1_0_vl_rfs.sv
Duplicated file found; will not be sent for synthesis: /home/leo/Documents/openwifi/openwifi-hw/boards/zc706_fmcs2/src/ipshared/b2d0/hdl/verilog/sc_node_v1_0_10_t_reqsend.svh
Duplicated file found; will not be sent for synthesis: /home/leo/Documents/openwifi/openwifi-hw/boards/zc706_fmcs2/src/ipshared/b2d0/hdl/sc_node_v1_0_vl_rfs.sv
Duplicated file found; will not be sent for synthesis: /home/leo/Documents/openwifi/openwifi-hw/boards/zc706_fmcs2/src/ipshared/979d/hdl/verilog/sc_util_v1_0_4_constants.vh
Duplicated file found; will not be sent for synthesis: /home/leo/Documents/openwifi/openwifi-hw/boards/zc706_fmcs2/src/ipshared/979d/hdl/verilog/sc_util_v1_0_4_structs.svh
Duplicated file found; will not be sent for synthesis: /home/leo/Documents/openwifi/openwifi-hw/boards/zc706_fmcs2/src/ipshared/979d/hdl/sc_util_v1_0_vl_rfs.sv
Duplicated file found; will not be sent for synthesis: /home/leo/Documents/openwifi/openwifi-hw/boards/zc706_fmcs2/src/ipshared/7005/hdl/sc_sc2axi_v1_0_vl_rfs.sv
Duplicated file found; will not be sent for synthesis: /home/leo/Documents/openwifi/openwifi-hw/boards/zc706_fmcs2/src/ipshared/979d/hdl/verilog/sc_util_v1_0_4_constants.vh
Duplicated file found; will not be sent for synthesis: /home/leo/Documents/openwifi/openwifi-hw/boards/zc706_fmcs2/src/ipshared/979d/hdl/verilog/sc_util_v1_0_4_structs.svh
Duplicated file found; will not be sent for synthesis: /home/leo/Documents/openwifi/openwifi-hw/boards/zc706_fmcs2/src/ipshared/979d/hdl/sc_util_v1_0_vl_rfs.sv
Duplicated file found; will not be sent for synthesis: /home/leo/Documents/openwifi/openwifi-hw/boards/zc706_fmcs2/src/ipshared/b387/hdl/sc_exit_v1_0_vl_rfs.sv
Duplicated file found; will not be sent for synthesis: /home/leo/Documents/openwifi/openwifi-hw/boards/zc706_fmcs2/src/ipshared/4649/hdl/xlconstant_v1_1_vl_rfs.v
Duplicated file found; will not be sent for synthesis: /home/leo/Documents/openwifi/openwifi-hw/boards/zc706_fmcs2/src/ipshared/ef1e/hdl/lib_cdc_v1_0_rfs.vhd
Duplicated file found; will not be sent for synthesis: /home/leo/Documents/openwifi/openwifi-hw/boards/zc706_fmcs2/src/ipshared/8842/hdl/proc_sys_reset_v5_0_vh_rfs.vhd
Duplicated file found; will not be sent for synthesis: /home/leo/Documents/openwifi/openwifi-hw/boards/zc706_fmcs2/src/ipshared/979d/hdl/verilog/sc_util_v1_0_4_constants.vh
Duplicated file found; will not be sent for synthesis: /home/leo/Documents/openwifi/openwifi-hw/boards/zc706_fmcs2/src/ipshared/979d/hdl/verilog/sc_util_v1_0_4_structs.svh
Duplicated file found; will not be sent for synthesis: /home/leo/Documents/openwifi/openwifi-hw/boards/zc706_fmcs2/src/ipshared/979d/hdl/sc_util_v1_0_vl_rfs.sv
Duplicated file found; will not be sent for synthesis: /home/leo/Documents/openwifi/openwifi-hw/boards/zc706_fmcs2/src/ipshared/f85e/hdl/sc_mmu_v1_0_vl_rfs.sv
Duplicated file found; will not be sent for synthesis: /home/leo/Documents/openwifi/openwifi-hw/boards/zc706_fmcs2/src/ipshared/979d/hdl/verilog/sc_util_v1_0_4_constants.vh
Duplicated file found; will not be sent for synthesis: /home/leo/Documents/openwifi/openwifi-hw/boards/zc706_fmcs2/src/ipshared/979d/hdl/verilog/sc_util_v1_0_4_structs.svh
Duplicated file found; will not be sent for synthesis: /home/leo/Documents/openwifi/openwifi-hw/boards/zc706_fmcs2/src/ipshared/979d/hdl/sc_util_v1_0_vl_rfs.sv
Duplicated file found; will not be sent for synthesis: /home/leo/Documents/openwifi/openwifi-hw/boards/zc706_fmcs2/src/ipshared/ca72/hdl/sc_transaction_regulator_v1_0_vl_rfs.sv
Duplicated file found; will not be sent for synthesis: /home/leo/Documents/openwifi/openwifi-hw/boards/zc706_fmcs2/src/ipshared/979d/hdl/verilog/sc_util_v1_0_4_constants.vh
Duplicated file found; will not be sent for synthesis: /home/leo/Documents/openwifi/openwifi-hw/boards/zc706_fmcs2/src/ipshared/979d/hdl/verilog/sc_util_v1_0_4_structs.svh
Duplicated file found; will not be sent for synthesis: /home/leo/Documents/openwifi/openwifi-hw/boards/zc706_fmcs2/src/ipshared/979d/hdl/sc_util_v1_0_vl_rfs.sv
Duplicated file found; will not be sent for synthesis: /home/leo/Documents/openwifi/openwifi-hw/boards/zc706_fmcs2/src/ipshared/9ade/hdl/sc_si_converter_v1_0_vl_rfs.sv
Duplicated file found; will not be sent for synthesis: /home/leo/Documents/openwifi/openwifi-hw/boards/zc706_fmcs2/src/ipshared/979d/hdl/verilog/sc_util_v1_0_4_constants.vh
Duplicated file found; will not be sent for synthesis: /home/leo/Documents/openwifi/openwifi-hw/boards/zc706_fmcs2/src/ipshared/979d/hdl/verilog/sc_util_v1_0_4_structs.svh
Duplicated file found; will not be sent for synthesis: /home/leo/Documents/openwifi/openwifi-hw/boards/zc706_fmcs2/src/ipshared/979d/hdl/sc_util_v1_0_vl_rfs.sv
Duplicated file found; will not be sent for synthesis: /home/leo/Documents/openwifi/openwifi-hw/boards/zc706_fmcs2/src/ipshared/b89e/hdl/sc_axi2sc_v1_0_vl_rfs.sv
Duplicated file found; will not be sent for synthesis: /home/leo/Documents/openwifi/openwifi-hw/boards/zc706_fmcs2/src/ipshared/979d/hdl/verilog/sc_util_v1_0_4_constants.vh
Duplicated file found; will not be sent for synthesis: /home/leo/Documents/openwifi/openwifi-hw/boards/zc706_fmcs2/src/ipshared/979d/hdl/verilog/sc_util_v1_0_4_structs.svh
Duplicated file found; will not be sent for synthesis: /home/leo/Documents/openwifi/openwifi-hw/boards/zc706_fmcs2/src/ipshared/979d/hdl/sc_util_v1_0_vl_rfs.sv
Duplicated file found; will not be sent for synthesis: /home/leo/Documents/openwifi/openwifi-hw/boards/zc706_fmcs2/src/ipshared/b2d0/hdl/verilog/sc_node_v1_0_10_t_reqsend.svh
Duplicated file found; will not be sent for synthesis: /home/leo/Documents/openwifi/openwifi-hw/boards/zc706_fmcs2/src/ipshared/b2d0/hdl/sc_node_v1_0_vl_rfs.sv
Duplicated file found; will not be sent for synthesis: /home/leo/Documents/openwifi/openwifi-hw/boards/zc706_fmcs2/src/ipshared/979d/hdl/verilog/sc_util_v1_0_4_constants.vh
Duplicated file found; will not be sent for synthesis: /home/leo/Documents/openwifi/openwifi-hw/boards/zc706_fmcs2/src/ipshared/979d/hdl/verilog/sc_util_v1_0_4_structs.svh
Duplicated file found; will not be sent for synthesis: /home/leo/Documents/openwifi/openwifi-hw/boards/zc706_fmcs2/src/ipshared/979d/hdl/sc_util_v1_0_vl_rfs.sv
Duplicated file found; will not be sent for synthesis: /home/leo/Documents/openwifi/openwifi-hw/boards/zc706_fmcs2/src/ipshared/b2d0/hdl/verilog/sc_node_v1_0_10_t_reqsend.svh
Duplicated file found; will not be sent for synthesis: /home/leo/Documents/openwifi/openwifi-hw/boards/zc706_fmcs2/src/ipshared/b2d0/hdl/sc_node_v1_0_vl_rfs.sv
Duplicated file found; will not be sent for synthesis: /home/leo/Documents/openwifi/openwifi-hw/boards/zc706_fmcs2/src/ipshared/979d/hdl/verilog/sc_util_v1_0_4_constants.vh
Duplicated file found; will not be sent for synthesis: /home/leo/Documents/openwifi/openwifi-hw/boards/zc706_fmcs2/src/ipshared/979d/hdl/verilog/sc_util_v1_0_4_structs.svh
Duplicated file found; will not be sent for synthesis: /home/leo/Documents/openwifi/openwifi-hw/boards/zc706_fmcs2/src/ipshared/979d/hdl/sc_util_v1_0_vl_rfs.sv
Duplicated file found; will not be sent for synthesis: /home/leo/Documents/openwifi/openwifi-hw/boards/zc706_fmcs2/src/ipshared/7005/hdl/sc_sc2axi_v1_0_vl_rfs.sv
Duplicated file found; will not be sent for synthesis: /home/leo/Documents/openwifi/openwifi-hw/boards/zc706_fmcs2/src/ipshared/979d/hdl/verilog/sc_util_v1_0_4_constants.vh
Duplicated file found; will not be sent for synthesis: /home/leo/Documents/openwifi/openwifi-hw/boards/zc706_fmcs2/src/ipshared/979d/hdl/verilog/sc_util_v1_0_4_structs.svh
Duplicated file found; will not be sent for synthesis: /home/leo/Documents/openwifi/openwifi-hw/boards/zc706_fmcs2/src/ipshared/979d/hdl/sc_util_v1_0_vl_rfs.sv
Duplicated file found; will not be sent for synthesis: /home/leo/Documents/openwifi/openwifi-hw/boards/zc706_fmcs2/src/ipshared/b387/hdl/sc_exit_v1_0_vl_rfs.sv
Duplicated file found; will not be sent for synthesis: /home/leo/Documents/openwifi/openwifi-hw/boards/zc706_fmcs2/src/ipshared/0513/hdl/lib_pkg_v1_0_rfs.vhd
Duplicated file found; will not be sent for synthesis: /home/leo/Documents/openwifi/openwifi-hw/boards/zc706_fmcs2/src/ipshared/ef1e/hdl/lib_cdc_v1_0_rfs.vhd
Duplicated file found; will not be sent for synthesis: /home/leo/Documents/openwifi/openwifi-hw/boards/zc706_fmcs2/src/ipshared/37c2/hdl/blk_mem_gen_v8_4_vhsyn_rfs.vhd
Duplicated file found; will not be sent for synthesis: /home/leo/Documents/openwifi/openwifi-hw/boards/zc706_fmcs2/src/ipshared/64f4/hdl/fifo_generator_v13_2_vhsyn_rfs.vhd
Duplicated file found; will not be sent for synthesis: /home/leo/Documents/openwifi/openwifi-hw/boards/zc706_fmcs2/src/ipshared/0513/hdl/lib_pkg_v1_0_rfs.vhd
Duplicated file found; will not be sent for synthesis: /home/leo/Documents/openwifi/openwifi-hw/boards/zc706_fmcs2/src/ipshared/544a/hdl/lib_fifo_v1_0_rfs.vhd
Duplicated file found; will not be sent for synthesis: /home/leo/Documents/openwifi/openwifi-hw/boards/zc706_fmcs2/src/ipshared/51ce/hdl/lib_srl_fifo_v1_0_rfs.vhd
Duplicated file found; will not be sent for synthesis: /home/leo/Documents/openwifi/openwifi-hw/boards/zc706_fmcs2/src/ipshared/ef1e/hdl/lib_cdc_v1_0_rfs.vhd
Duplicated file found; will not be sent for synthesis: /home/leo/Documents/openwifi/openwifi-hw/boards/zc706_fmcs2/src/ipshared/dfb3/hdl/axi_datamover_v5_1_vh_rfs.vhd
Duplicated file found; will not be sent for synthesis: /home/leo/Documents/openwifi/openwifi-hw/boards/zc706_fmcs2/src/ipshared/efa7/hdl/axi_sg_v4_1_rfs.vhd
Duplicated file found; will not be sent for synthesis: /home/leo/Documents/openwifi/openwifi-hw/boards/zc706_fmcs2/src/ipshared/09b0/hdl/axi_dma_v7_1_vh_rfs.vhd
Duplicated file found; will not be sent for synthesis: /home/leo/Documents/openwifi/openwifi-hw/boards/zc706_fmcs2/src/ipshared/37c2/hdl/blk_mem_gen_v8_4_vhsyn_rfs.vhd
Duplicated file found; will not be sent for synthesis: /home/leo/Documents/openwifi/openwifi-hw/boards/zc706_fmcs2/src/ipshared/64f4/hdl/fifo_generator_v13_2_vhsyn_rfs.vhd
Duplicated file found; will not be sent for synthesis: /home/leo/Documents/openwifi/openwifi-hw/boards/zc706_fmcs2/src/ipshared/b752/hdl/generic_baseblocks_v2_1_vl_rfs.v
Duplicated file found; will not be sent for synthesis: /home/leo/Documents/openwifi/openwifi-hw/boards/zc706_fmcs2/src/ipshared/ec67/hdl/axi_infrastructure_v1_1_0.vh
Duplicated file found; will not be sent for synthesis: /home/leo/Documents/openwifi/openwifi-hw/boards/zc706_fmcs2/src/ipshared/ec67/hdl/axi_infrastructure_v1_1_vl_rfs.v
Duplicated file found; will not be sent for synthesis: /home/leo/Documents/openwifi/openwifi-hw/boards/zc706_fmcs2/src/ipshared/cc23/hdl/axi_register_slice_v2_1_vl_rfs.v
Duplicated file found; will not be sent for synthesis: /home/leo/Documents/openwifi/openwifi-hw/boards/zc706_fmcs2/src/ipshared/c4fd/hdl/axi_data_fifo_v2_1_vl_rfs.v
Duplicated file found; will not be sent for synthesis: /home/leo/Documents/openwifi/openwifi-hw/boards/zc706_fmcs2/src/ipshared/6c9d/hdl/axi_crossbar_v2_1_vl_rfs.v
Duplicated file found; will not be sent for synthesis: /home/leo/Documents/openwifi/openwifi-hw/boards/zc706_fmcs2/src/ipshared/37c2/hdl/blk_mem_gen_v8_4_vhsyn_rfs.vhd
Duplicated file found; will not be sent for synthesis: /home/leo/Documents/openwifi/openwifi-hw/boards/zc706_fmcs2/src/ipshared/64f4/hdl/fifo_generator_v13_2_vhsyn_rfs.vhd
Duplicated file found; will not be sent for synthesis: /home/leo/Documents/openwifi/openwifi-hw/boards/zc706_fmcs2/src/ipshared/b752/hdl/generic_baseblocks_v2_1_vl_rfs.v
Duplicated file found; will not be sent for synthesis: /home/leo/Documents/openwifi/openwifi-hw/boards/zc706_fmcs2/src/ipshared/ec67/hdl/axi_infrastructure_v1_1_0.vh
Duplicated file found; will not be sent for synthesis: /home/leo/Documents/openwifi/openwifi-hw/boards/zc706_fmcs2/src/ipshared/ec67/hdl/axi_infrastructure_v1_1_vl_rfs.v
Duplicated file found; will not be sent for synthesis: /home/leo/Documents/openwifi/openwifi-hw/boards/zc706_fmcs2/src/ipshared/cc23/hdl/axi_register_slice_v2_1_vl_rfs.v
Duplicated file found; will not be sent for synthesis: /home/leo/Documents/openwifi/openwifi-hw/boards/zc706_fmcs2/src/ipshared/c4fd/hdl/axi_data_fifo_v2_1_vl_rfs.v
Duplicated file found; will not be sent for synthesis: /home/leo/Documents/openwifi/openwifi-hw/boards/zc706_fmcs2/src/ipshared/6c9d/hdl/axi_crossbar_v2_1_vl_rfs.v
Duplicated file found; will not be sent for synthesis: /home/leo/Documents/openwifi/openwifi-hw/boards/zc706_fmcs2/src/ipshared/37c2/hdl/blk_mem_gen_v8_4_vhsyn_rfs.vhd
Duplicated file found; will not be sent for synthesis: /home/leo/Documents/openwifi/openwifi-hw/boards/zc706_fmcs2/src/ipshared/64f4/hdl/fifo_generator_v13_2_vhsyn_rfs.vhd
Duplicated file found; will not be sent for synthesis: /home/leo/Documents/openwifi/openwifi-hw/boards/zc706_fmcs2/src/ipshared/b752/hdl/generic_baseblocks_v2_1_vl_rfs.v
Duplicated file found; will not be sent for synthesis: /home/leo/Documents/openwifi/openwifi-hw/boards/zc706_fmcs2/src/ipshared/ec67/hdl/axi_infrastructure_v1_1_0.vh
Duplicated file found; will not be sent for synthesis: /home/leo/Documents/openwifi/openwifi-hw/boards/zc706_fmcs2/src/ipshared/ec67/hdl/axi_infrastructure_v1_1_vl_rfs.v
Duplicated file found; will not be sent for synthesis: /home/leo/Documents/openwifi/openwifi-hw/boards/zc706_fmcs2/src/ipshared/cc23/hdl/axi_register_slice_v2_1_vl_rfs.v
Duplicated file found; will not be sent for synthesis: /home/leo/Documents/openwifi/openwifi-hw/boards/zc706_fmcs2/src/ipshared/c4fd/hdl/axi_data_fifo_v2_1_vl_rfs.v
Duplicated file found; will not be sent for synthesis: /home/leo/Documents/openwifi/openwifi-hw/boards/zc706_fmcs2/src/ipshared/6c9d/hdl/axi_crossbar_v2_1_vl_rfs.v
Duplicated file found; will not be sent for synthesis: /home/leo/Documents/openwifi/openwifi-hw/boards/zc706_fmcs2/src/ipshared/37c2/hdl/blk_mem_gen_v8_4_vhsyn_rfs.vhd
Duplicated file found; will not be sent for synthesis: /home/leo/Documents/openwifi/openwifi-hw/boards/zc706_fmcs2/src/ipshared/64f4/hdl/fifo_generator_v13_2_vhsyn_rfs.vhd
Duplicated file found; will not be sent for synthesis: /home/leo/Documents/openwifi/openwifi-hw/boards/zc706_fmcs2/src/ip/system_openofdm_rx_0_0/src/deinter_lut/hdl/blk_mem_gen_v8_4_vhsyn_rfs.vhd
Duplicated file found; will not be sent for synthesis: /home/leo/Documents/openwifi/openwifi-hw/boards/zc706_fmcs2/src/ip/system_openofdm_rx_0_0/ipshared/0da8/hdl/xbip_utils_v3_0_vh_rfs.vhd
Duplicated file found; will not be sent for synthesis: /home/leo/Documents/openwifi/openwifi-hw/boards/zc706_fmcs2/src/ip/system_openofdm_rx_0_0/ipshared/ec8e/hdl/axi_utils_v2_0_vh_rfs.vhd
Duplicated file found; will not be sent for synthesis: /home/leo/Documents/openwifi/openwifi-hw/boards/zc706_fmcs2/src/ip/system_openofdm_rx_0_0/ipshared/442e/hdl/xbip_pipe_v3_0_vh_rfs.vhd
Duplicated file found; will not be sent for synthesis: /home/leo/Documents/openwifi/openwifi-hw/boards/zc706_fmcs2/src/ip/system_openofdm_rx_0_0/ipshared/cdbf/hdl/xbip_dsp48_wrapper_v3_0_vh_rfs.vhd
Duplicated file found; will not be sent for synthesis: /home/leo/Documents/openwifi/openwifi-hw/boards/zc706_fmcs2/src/ip/system_openofdm_rx_0_0/ipshared/a04b/hdl/xbip_dsp48_addsub_v3_0_vh_rfs.vhd
Duplicated file found; will not be sent for synthesis: /home/leo/Documents/openwifi/openwifi-hw/boards/zc706_fmcs2/src/ip/system_openofdm_rx_0_0/src/complex_multiplier/hdl/xbip_utils_v3_0_vh_rfs.vhd
Duplicated file found; will not be sent for synthesis: /home/leo/Documents/openwifi/openwifi-hw/boards/zc706_fmcs2/src/ip/system_openofdm_rx_0_0/src/complex_multiplier/hdl/axi_utils_v2_0_vh_rfs.vhd
Duplicated file found; will not be sent for synthesis: /home/leo/Documents/openwifi/openwifi-hw/boards/zc706_fmcs2/src/ip/system_openofdm_rx_0_0/src/complex_multiplier/hdl/xbip_pipe_v3_0_vh_rfs.vhd
Duplicated file found; will not be sent for synthesis: /home/leo/Documents/openwifi/openwifi-hw/boards/zc706_fmcs2/src/ip/system_openofdm_rx_0_0/src/complex_multiplier/hdl/xbip_bram18k_v3_0_vh_rfs.vhd
Duplicated file found; will not be sent for synthesis: /home/leo/Documents/openwifi/openwifi-hw/boards/zc706_fmcs2/src/ip/system_openofdm_rx_0_0/src/complex_multiplier/hdl/mult_gen_v12_0_vh_rfs.vhd
Duplicated file found; will not be sent for synthesis: /home/leo/Documents/openwifi/openwifi-hw/boards/zc706_fmcs2/src/ip/system_openofdm_rx_0_0/src/xfft_v9/hdl/xbip_utils_v3_0_vh_rfs.vhd
Duplicated file found; will not be sent for synthesis: /home/leo/Documents/openwifi/openwifi-hw/boards/zc706_fmcs2/src/ip/system_openofdm_rx_0_0/src/xfft_v9/hdl/axi_utils_v2_0_vh_rfs.vhd
Duplicated file found; will not be sent for synthesis: /home/leo/Documents/openwifi/openwifi-hw/boards/zc706_fmcs2/src/ip/system_openofdm_rx_0_0/src/xfft_v9/hdl/c_reg_fd_v12_0_vh_rfs.vhd
Duplicated file found; will not be sent for synthesis: /home/leo/Documents/openwifi/openwifi-hw/boards/zc706_fmcs2/src/ip/system_openofdm_rx_0_0/src/xfft_v9/hdl/xbip_dsp48_wrapper_v3_0_vh_rfs.vhd
Duplicated file found; will not be sent for synthesis: /home/leo/Documents/openwifi/openwifi-hw/boards/zc706_fmcs2/src/ip/system_openofdm_rx_0_0/src/xfft_v9/hdl/xbip_pipe_v3_0_vh_rfs.vhd
Duplicated file found; will not be sent for synthesis: /home/leo/Documents/openwifi/openwifi-hw/boards/zc706_fmcs2/src/ip/system_openofdm_rx_0_0/src/xfft_v9/hdl/xbip_dsp48_addsub_v3_0_vh_rfs.vhd
Duplicated file found; will not be sent for synthesis: /home/leo/Documents/openwifi/openwifi-hw/boards/zc706_fmcs2/src/ip/system_openofdm_rx_0_0/src/xfft_v9/hdl/xbip_addsub_v3_0_vh_rfs.vhd
Duplicated file found; will not be sent for synthesis: /home/leo/Documents/openwifi/openwifi-hw/boards/zc706_fmcs2/src/ip/system_openofdm_rx_0_0/src/xfft_v9/hdl/c_addsub_v12_0_vh_rfs.vhd
Duplicated file found; will not be sent for synthesis: /home/leo/Documents/openwifi/openwifi-hw/boards/zc706_fmcs2/src/ip/system_openofdm_rx_0_0/src/xfft_v9/hdl/c_mux_bit_v12_0_vh_rfs.vhd
Duplicated file found; will not be sent for synthesis: /home/leo/Documents/openwifi/openwifi-hw/boards/zc706_fmcs2/src/ip/system_openofdm_rx_0_0/src/xfft_v9/hdl/c_shift_ram_v12_0_vh_rfs.vhd
Duplicated file found; will not be sent for synthesis: /home/leo/Documents/openwifi/openwifi-hw/boards/zc706_fmcs2/src/ip/system_openofdm_rx_0_0/src/xfft_v9/hdl/xbip_bram18k_v3_0_vh_rfs.vhd
Duplicated file found; will not be sent for synthesis: /home/leo/Documents/openwifi/openwifi-hw/boards/zc706_fmcs2/src/ip/system_openofdm_rx_0_0/src/xfft_v9/hdl/mult_gen_v12_0_vh_rfs.vhd
Duplicated file found; will not be sent for synthesis: /home/leo/Documents/openwifi/openwifi-hw/boards/zc706_fmcs2/src/ip/system_openofdm_rx_0_0/src/xfft_v9/hdl/cmpy_v6_0_vh_rfs.vhd
Duplicated file found; will not be sent for synthesis: /home/leo/Documents/openwifi/openwifi-hw/boards/zc706_fmcs2/src/ip/system_openofdm_rx_0_0/src/xfft_v9/hdl/floating_point_v7_0_vh_rfs.vhd
Duplicated file found; will not be sent for synthesis: /home/leo/Documents/openwifi/openwifi-hw/boards/zc706_fmcs2/src/ip/system_openofdm_rx_0_0/src/atan_lut/hdl/blk_mem_gen_v8_4_vhsyn_rfs.vhd
Duplicated file found; will not be sent for synthesis: /home/leo/Documents/openwifi/openwifi-hw/boards/zc706_fmcs2/src/ip/system_openofdm_rx_0_0/src/rot_lut/hdl/blk_mem_gen_v8_4_vhsyn_rfs.vhd
Warning: CRC mismatch detected: /home/leo/Documents/openwifi/openwifi-hw/boards/zc706_fmcs2/src/ipshared/dd27/src/ram_2port.v
Duplicated file found; will not be sent for synthesis: /home/leo/Documents/openwifi/openwifi-hw/boards/zc706_fmcs2/src/ip/system_rx_intf_0_0/ipshared/37c2/hdl/blk_mem_gen_v8_4_vhsyn_rfs.vhd
Duplicated file found; will not be sent for synthesis: /home/leo/Documents/openwifi/openwifi-hw/boards/zc706_fmcs2/src/ip/system_rx_intf_0_0/ipshared/64f4/hdl/fifo_generator_v13_2_vhsyn_rfs.vhd
Duplicated file found; will not be sent for synthesis: /home/leo/Documents/openwifi/openwifi-hw/boards/zc706_fmcs2/src/ip/system_rx_intf_0_0/ipshared/37c2/hdl/blk_mem_gen_v8_4_vhsyn_rfs.vhd
Duplicated file found; will not be sent for synthesis: /home/leo/Documents/openwifi/openwifi-hw/boards/zc706_fmcs2/src/ip/system_rx_intf_0_0/ipshared/64f4/hdl/fifo_generator_v13_2_vhsyn_rfs.vhd
Duplicated file found; will not be sent for synthesis: /home/leo/Documents/openwifi/openwifi-hw/boards/zc706_fmcs2/src/ip/system_rx_intf_0_0/ipshared/37c2/hdl/blk_mem_gen_v8_4_vhsyn_rfs.vhd
Duplicated file found; will not be sent for synthesis: /home/leo/Documents/openwifi/openwifi-hw/boards/zc706_fmcs2/src/ip/system_rx_intf_0_0/ipshared/64f4/hdl/fifo_generator_v13_2_vhsyn_rfs.vhd
Duplicated file found; will not be sent for synthesis: /home/leo/Documents/openwifi/openwifi-hw/boards/zc706_fmcs2/src/ip/system_rx_intf_0_0/ipshared/37c2/hdl/blk_mem_gen_v8_4_vhsyn_rfs.vhd
Duplicated file found; will not be sent for synthesis: /home/leo/Documents/openwifi/openwifi-hw/boards/zc706_fmcs2/src/ip/system_rx_intf_0_0/ipshared/64f4/hdl/fifo_generator_v13_2_vhsyn_rfs.vhd
Duplicated file found; will not be sent for synthesis: /home/leo/Documents/openwifi/openwifi-hw/boards/zc706_fmcs2/src/ipshared/ef1e/hdl/lib_cdc_v1_0_rfs.vhd
Duplicated file found; will not be sent for synthesis: /home/leo/Documents/openwifi/openwifi-hw/boards/zc706_fmcs2/src/ipshared/8842/hdl/proc_sys_reset_v5_0_vh_rfs.vhd
Duplicated file found; will not be sent for synthesis: /home/leo/Documents/openwifi/openwifi-hw/boards/zc706_fmcs2/src/ipshared/78cd/src/clock_speed.v
Warning: CRC mismatch detected: /home/leo/Documents/openwifi/openwifi-hw/boards/zc706_fmcs2/src/ipshared/78cd/src/board_def.v
Duplicated file found; will not be sent for synthesis: /home/leo/Documents/openwifi/openwifi-hw/boards/zc706_fmcs2/src/ipshared/78cd/src/fifo32_2clk_dep32.v
Duplicated file found; will not be sent for synthesis: /home/leo/Documents/openwifi/openwifi-hw/boards/zc706_fmcs2/src/ipshared/78cd/src/fifo64_1clk.v
Duplicated file found; will not be sent for synthesis: /home/leo/Documents/openwifi/openwifi-hw/boards/zc706_fmcs2/src/ipshared/78cd/src/fifo64_1clk_dep512.v
Duplicated file found; will not be sent for synthesis: /home/leo/Documents/openwifi/openwifi-hw/boards/zc706_fmcs2/src/ip/system_tx_intf_0_0/ipshared/37c2/hdl/blk_mem_gen_v8_4_vhsyn_rfs.vhd
Duplicated file found; will not be sent for synthesis: /home/leo/Documents/openwifi/openwifi-hw/boards/zc706_fmcs2/src/ip/system_tx_intf_0_0/ipshared/64f4/hdl/fifo_generator_v13_2_vhsyn_rfs.vhd
Duplicated file found; will not be sent for synthesis: /home/leo/Documents/openwifi/openwifi-hw/boards/zc706_fmcs2/src/ip/system_tx_intf_0_0/ipshared/37c2/hdl/blk_mem_gen_v8_4_vhsyn_rfs.vhd
Duplicated file found; will not be sent for synthesis: /home/leo/Documents/openwifi/openwifi-hw/boards/zc706_fmcs2/src/ip/system_tx_intf_0_0/ipshared/64f4/hdl/fifo_generator_v13_2_vhsyn_rfs.vhd
Duplicated file found; will not be sent for synthesis: /home/leo/Documents/openwifi/openwifi-hw/boards/zc706_fmcs2/src/ip/system_tx_intf_0_0/src/fifo32_2clk_dep32_fifo_generator_0_0/synth/fifo32_2clk_dep32_fifo_generator_0_0.vhd
Duplicated file found; will not be sent for synthesis: /home/leo/Documents/openwifi/openwifi-hw/boards/zc706_fmcs2/src/ip/system_tx_intf_0_0/ipshared/37c2/hdl/blk_mem_gen_v8_4_vhsyn_rfs.vhd
Duplicated file found; will not be sent for synthesis: /home/leo/Documents/openwifi/openwifi-hw/boards/zc706_fmcs2/src/ip/system_tx_intf_0_0/ipshared/64f4/hdl/fifo_generator_v13_2_vhsyn_rfs.vhd
Duplicated file found; will not be sent for synthesis: /home/leo/Documents/openwifi/openwifi-hw/boards/zc706_fmcs2/src/ip/system_tx_intf_0_0/ipshared/37c2/hdl/blk_mem_gen_v8_4_vhsyn_rfs.vhd
Duplicated file found; will not be sent for synthesis: /home/leo/Documents/openwifi/openwifi-hw/boards/zc706_fmcs2/src/ip/system_tx_intf_0_0/ipshared/64f4/hdl/fifo_generator_v13_2_vhsyn_rfs.vhd
Duplicated file found; will not be sent for synthesis: /home/leo/Documents/openwifi/openwifi-hw/boards/zc706_fmcs2/src/ip/system_tx_intf_0_0/ipshared/37c2/hdl/blk_mem_gen_v8_4_vhsyn_rfs.vhd
Duplicated file found; will not be sent for synthesis: /home/leo/Documents/openwifi/openwifi-hw/boards/zc706_fmcs2/src/ip/system_tx_intf_0_0/ipshared/64f4/hdl/fifo_generator_v13_2_vhsyn_rfs.vhd
Duplicated file found; will not be sent for synthesis: /home/leo/Documents/openwifi/openwifi-hw/boards/zc706_fmcs2/src/ip/system_tx_intf_0_0/ipshared/0da8/hdl/xbip_utils_v3_0_vh_rfs.vhd
Duplicated file found; will not be sent for synthesis: /home/leo/Documents/openwifi/openwifi-hw/boards/zc706_fmcs2/src/ip/system_tx_intf_0_0/ipshared/ec8e/hdl/axi_utils_v2_0_vh_rfs.vhd
Duplicated file found; will not be sent for synthesis: /home/leo/Documents/openwifi/openwifi-hw/boards/zc706_fmcs2/src/ip/system_tx_intf_0_0/ipshared/37c2/hdl/blk_mem_gen_v8_4_vhsyn_rfs.vhd
Duplicated file found; will not be sent for synthesis: /home/leo/Documents/openwifi/openwifi-hw/boards/zc706_fmcs2/src/ip/system_tx_intf_0_0/ipshared/64f4/hdl/fifo_generator_v13_2_vhsyn_rfs.vhd
Duplicated file found; will not be sent for synthesis: /home/leo/Documents/openwifi/openwifi-hw/boards/zc706_fmcs2/src/ip/system_tx_intf_0_0/src/fifo64_1clk_fifo_generator_0_0/synth/fifo64_1clk_fifo_generator_0_0.vhd
Duplicated file found; will not be sent for synthesis: /home/leo/Documents/openwifi/openwifi-hw/boards/zc706_fmcs2/src/ip/system_tx_intf_0_0/ipshared/37c2/hdl/blk_mem_gen_v8_4_vhsyn_rfs.vhd
Duplicated file found; will not be sent for synthesis: /home/leo/Documents/openwifi/openwifi-hw/boards/zc706_fmcs2/src/ip/system_tx_intf_0_0/ipshared/64f4/hdl/fifo_generator_v13_2_vhsyn_rfs.vhd
Duplicated file found; will not be sent for synthesis: /home/leo/Documents/openwifi/openwifi-hw/boards/zc706_fmcs2/src/ip/system_tx_intf_0_0/src/fifo64_1clk_dep512_fifo_generator_0_0/synth/fifo64_1clk_dep512_fifo_generator_0_0.vhd
Duplicated file found; will not be sent for synthesis: /home/leo/Documents/openwifi/openwifi-hw/boards/zc706_fmcs2/src/ipshared/f3db/hdl/xlslice_v1_0_vl_rfs.v
Duplicated file found; will not be sent for synthesis: /home/leo/Documents/openwifi/openwifi-hw/boards/zc706_fmcs2/src/ipshared/f3db/hdl/xlslice_v1_0_vl_rfs.v
Duplicated file found; will not be sent for synthesis: /home/leo/Documents/openwifi/openwifi-hw/boards/zc706_fmcs2/src/ip/system_xpu_0_0/ipshared/37c2/hdl/blk_mem_gen_v8_4_vhsyn_rfs.vhd
Duplicated file found; will not be sent for synthesis: /home/leo/Documents/openwifi/openwifi-hw/boards/zc706_fmcs2/src/ip/system_xpu_0_0/ipshared/64f4/hdl/fifo_generator_v13_2_vhsyn_rfs.vhd
Duplicated file found; will not be sent for synthesis: /home/leo/Documents/openwifi/openwifi-hw/boards/zc706_fmcs2/src/ip/system_xpu_0_0/ipshared/0da8/hdl/xbip_utils_v3_0_vh_rfs.vhd
Duplicated file found; will not be sent for synthesis: /home/leo/Documents/openwifi/openwifi-hw/boards/zc706_fmcs2/src/ip/system_xpu_0_0/ipshared/ec8e/hdl/axi_utils_v2_0_vh_rfs.vhd
Duplicated file found; will not be sent for synthesis: /home/leo/Documents/openwifi/openwifi-hw/boards/zc706_fmcs2/src/ip/system_xpu_0_0/ipshared/3697/hdl/fir_compiler_v7_2_vh_rfs.vhd
Duplicated file found; will not be sent for synthesis: /home/leo/Documents/openwifi/openwifi-hw/boards/zc706_fmcs2/src/ip/system_xpu_0_0/ipshared/0da8/hdl/xbip_utils_v3_0_vh_rfs.vhd
Duplicated file found; will not be sent for synthesis: /home/leo/Documents/openwifi/openwifi-hw/boards/zc706_fmcs2/src/ip/system_xpu_0_0/ipshared/ec8e/hdl/axi_utils_v2_0_vh_rfs.vhd
Duplicated file found; will not be sent for synthesis: /home/leo/Documents/openwifi/openwifi-hw/boards/zc706_fmcs2/src/ip/system_xpu_0_0/ipshared/3697/hdl/fir_compiler_v7_2_vh_rfs.vhd
Duplicated file found; will not be sent for synthesis: /home/leo/Documents/openwifi/openwifi-hw/boards/zc706_fmcs2/src/ipshared/9fe1/src/board_def.v
Duplicated file found; will not be sent for synthesis: /home/leo/Documents/openwifi/openwifi-hw/boards/zc706_fmcs2/src/ipshared/9fe1/src/clock_speed.v
Duplicated file found; will not be sent for synthesis: /home/leo/Documents/openwifi/openwifi-hw/boards/zc706_fmcs2/src/ipshared/37c2/hdl/blk_mem_gen_v8_4_vhsyn_rfs.vhd
Duplicated file found; will not be sent for synthesis: /home/leo/Documents/openwifi/openwifi-hw/boards/zc706_fmcs2/src/ipshared/4649/hdl/xlconstant_v1_1_vl_rfs.v
Duplicated file found; will not be sent for synthesis: /home/leo/Documents/openwifi/openwifi-hw/boards/zc706_fmcs2/src/ipshared/4649/hdl/xlconstant_v1_1_vl_rfs.v
Duplicated file found; will not be sent for synthesis: /home/leo/Documents/openwifi/openwifi-hw/boards/zc706_fmcs2/src/ipshared/b752/hdl/generic_baseblocks_v2_1_vl_rfs.v
Duplicated file found; will not be sent for synthesis: /home/leo/Documents/openwifi/openwifi-hw/boards/zc706_fmcs2/src/ipshared/c4fd/hdl/axi_data_fifo_v2_1_vl_rfs.v
Duplicated file found; will not be sent for synthesis: /home/leo/Documents/openwifi/openwifi-hw/boards/zc706_fmcs2/src/ipshared/ec67/hdl/axi_infrastructure_v1_1_0.vh
Duplicated file found; will not be sent for synthesis: /home/leo/Documents/openwifi/openwifi-hw/boards/zc706_fmcs2/src/ipshared/ec67/hdl/axi_infrastructure_v1_1_vl_rfs.v
Duplicated file found; will not be sent for synthesis: /home/leo/Documents/openwifi/openwifi-hw/boards/zc706_fmcs2/src/ipshared/cc23/hdl/axi_register_slice_v2_1_vl_rfs.v
Duplicated file found; will not be sent for synthesis: /home/leo/Documents/openwifi/openwifi-hw/boards/zc706_fmcs2/src/ipshared/37c2/hdl/blk_mem_gen_v8_4_vhsyn_rfs.vhd
Duplicated file found; will not be sent for synthesis: /home/leo/Documents/openwifi/openwifi-hw/boards/zc706_fmcs2/src/ipshared/64f4/hdl/fifo_generator_v13_2_vhsyn_rfs.vhd
Duplicated file found; will not be sent for synthesis: /home/leo/Documents/openwifi/openwifi-hw/boards/zc706_fmcs2/src/ipshared/b752/hdl/generic_baseblocks_v2_1_vl_rfs.v
Duplicated file found; will not be sent for synthesis: /home/leo/Documents/openwifi/openwifi-hw/boards/zc706_fmcs2/src/ipshared/c4fd/hdl/axi_data_fifo_v2_1_vl_rfs.v
Duplicated file found; will not be sent for synthesis: /home/leo/Documents/openwifi/openwifi-hw/boards/zc706_fmcs2/src/ipshared/ec67/hdl/axi_infrastructure_v1_1_0.vh
Duplicated file found; will not be sent for synthesis: /home/leo/Documents/openwifi/openwifi-hw/boards/zc706_fmcs2/src/ipshared/ec67/hdl/axi_infrastructure_v1_1_vl_rfs.v
Duplicated file found; will not be sent for synthesis: /home/leo/Documents/openwifi/openwifi-hw/boards/zc706_fmcs2/src/ipshared/cc23/hdl/axi_register_slice_v2_1_vl_rfs.v
Duplicated file found; will not be sent for synthesis: /home/leo/Documents/openwifi/openwifi-hw/boards/zc706_fmcs2/src/ipshared/7a04/hdl/axi_protocol_converter_v2_1_vl_rfs.v
Duplicated file found; will not be sent for synthesis: /home/leo/Documents/openwifi/openwifi-hw/boards/zc706_fmcs2/src/ipshared/37c2/hdl/blk_mem_gen_v8_4_vhsyn_rfs.vhd
Duplicated file found; will not be sent for synthesis: /home/leo/Documents/openwifi/openwifi-hw/boards/zc706_fmcs2/src/ipshared/64f4/hdl/fifo_generator_v13_2_vhsyn_rfs.vhd
Duplicated file found; will not be sent for synthesis: /home/leo/Documents/openwifi/openwifi-hw/boards/zc706_fmcs2/src/ipshared/b752/hdl/generic_baseblocks_v2_1_vl_rfs.v
Duplicated file found; will not be sent for synthesis: /home/leo/Documents/openwifi/openwifi-hw/boards/zc706_fmcs2/src/ipshared/c4fd/hdl/axi_data_fifo_v2_1_vl_rfs.v
Duplicated file found; will not be sent for synthesis: /home/leo/Documents/openwifi/openwifi-hw/boards/zc706_fmcs2/src/ipshared/ec67/hdl/axi_infrastructure_v1_1_0.vh
Duplicated file found; will not be sent for synthesis: /home/leo/Documents/openwifi/openwifi-hw/boards/zc706_fmcs2/src/ipshared/ec67/hdl/axi_infrastructure_v1_1_vl_rfs.v
Duplicated file found; will not be sent for synthesis: /home/leo/Documents/openwifi/openwifi-hw/boards/zc706_fmcs2/src/ipshared/cc23/hdl/axi_register_slice_v2_1_vl_rfs.v
Duplicated file found; will not be sent for synthesis: /home/leo/Documents/openwifi/openwifi-hw/boards/zc706_fmcs2/src/ipshared/7a04/hdl/axi_protocol_converter_v2_1_vl_rfs.v
Duplicated file found; will not be sent for synthesis: /home/leo/Documents/openwifi/openwifi-hw/boards/zc706_fmcs2/src/ipshared/37c2/hdl/blk_mem_gen_v8_4_vhsyn_rfs.vhd
Duplicated file found; will not be sent for synthesis: /home/leo/Documents/openwifi/openwifi-hw/boards/zc706_fmcs2/src/ipshared/64f4/hdl/fifo_generator_v13_2_vhsyn_rfs.vhd
Duplicated file found; will not be sent for synthesis: /home/leo/Documents/openwifi/openwifi-hw/boards/zc706_fmcs2/src/ipshared/b752/hdl/generic_baseblocks_v2_1_vl_rfs.v
Duplicated file found; will not be sent for synthesis: /home/leo/Documents/openwifi/openwifi-hw/boards/zc706_fmcs2/src/ipshared/c4fd/hdl/axi_data_fifo_v2_1_vl_rfs.v
Duplicated file found; will not be sent for synthesis: /home/leo/Documents/openwifi/openwifi-hw/boards/zc706_fmcs2/src/ipshared/ec67/hdl/axi_infrastructure_v1_1_0.vh
Duplicated file found; will not be sent for synthesis: /home/leo/Documents/openwifi/openwifi-hw/boards/zc706_fmcs2/src/ipshared/ec67/hdl/axi_infrastructure_v1_1_vl_rfs.v
Duplicated file found; will not be sent for synthesis: /home/leo/Documents/openwifi/openwifi-hw/boards/zc706_fmcs2/src/ipshared/cc23/hdl/axi_register_slice_v2_1_vl_rfs.v
Duplicated file found; will not be sent for synthesis: /home/leo/Documents/openwifi/openwifi-hw/boards/zc706_fmcs2/src/ipshared/7a04/hdl/axi_protocol_converter_v2_1_vl_rfs.v
Duplicated file found; will not be sent for synthesis: /home/leo/Documents/openwifi/openwifi-hw/boards/zc706_fmcs2/src/ipshared/37c2/hdl/blk_mem_gen_v8_4_vhsyn_rfs.vhd
Duplicated file found; will not be sent for synthesis: /home/leo/Documents/openwifi/openwifi-hw/boards/zc706_fmcs2/src/ipshared/64f4/hdl/fifo_generator_v13_2_vhsyn_rfs.vhd
Duplicated file found; will not be sent for synthesis: /home/leo/Documents/openwifi/openwifi-hw/boards/zc706_fmcs2/src/ipshared/b752/hdl/generic_baseblocks_v2_1_vl_rfs.v
Duplicated file found; will not be sent for synthesis: /home/leo/Documents/openwifi/openwifi-hw/boards/zc706_fmcs2/src/ipshared/c4fd/hdl/axi_data_fifo_v2_1_vl_rfs.v
Duplicated file found; will not be sent for synthesis: /home/leo/Documents/openwifi/openwifi-hw/boards/zc706_fmcs2/src/ipshared/ec67/hdl/axi_infrastructure_v1_1_0.vh
Duplicated file found; will not be sent for synthesis: /home/leo/Documents/openwifi/openwifi-hw/boards/zc706_fmcs2/src/ipshared/ec67/hdl/axi_infrastructure_v1_1_vl_rfs.v
Duplicated file found; will not be sent for synthesis: /home/leo/Documents/openwifi/openwifi-hw/boards/zc706_fmcs2/src/ipshared/cc23/hdl/axi_register_slice_v2_1_vl_rfs.v
Duplicated file found; will not be sent for synthesis: /home/leo/Documents/openwifi/openwifi-hw/boards/zc706_fmcs2/src/ipshared/7a04/hdl/axi_protocol_converter_v2_1_vl_rfs.v
Duplicated file found; will not be sent for synthesis: /home/leo/Documents/openwifi/openwifi-hw/boards/zc706_fmcs2/src/ipshared/693a/hdl/axi_clock_converter_v2_1_vl_rfs.v
Duplicated file found; will not be sent for synthesis: /home/leo/Documents/openwifi/openwifi-hw/boards/zc706_fmcs2/src/ipshared/37c2/hdl/blk_mem_gen_v8_4_vhsyn_rfs.vhd
Duplicated file found; will not be sent for synthesis: /home/leo/Documents/openwifi/openwifi-hw/boards/zc706_fmcs2/src/ipshared/64f4/hdl/fifo_generator_v13_2_vhsyn_rfs.vhd
Duplicated file found; will not be sent for synthesis: /home/leo/Documents/openwifi/openwifi-hw/boards/zc706_fmcs2/src/ipshared/0815/hdl/axi_dwidth_converter_v2_1_vlsyn_rfs.v
Duplicated file found; will not be sent for synthesis: /home/leo/Documents/openwifi/openwifi-hw/boards/zc706_fmcs2/src/ipshared/b752/hdl/generic_baseblocks_v2_1_vl_rfs.v
Duplicated file found; will not be sent for synthesis: /home/leo/Documents/openwifi/openwifi-hw/boards/zc706_fmcs2/src/ipshared/c4fd/hdl/axi_data_fifo_v2_1_vl_rfs.v
Duplicated file found; will not be sent for synthesis: /home/leo/Documents/openwifi/openwifi-hw/boards/zc706_fmcs2/src/ipshared/ec67/hdl/axi_infrastructure_v1_1_0.vh
Duplicated file found; will not be sent for synthesis: /home/leo/Documents/openwifi/openwifi-hw/boards/zc706_fmcs2/src/ipshared/ec67/hdl/axi_infrastructure_v1_1_vl_rfs.v
Duplicated file found; will not be sent for synthesis: /home/leo/Documents/openwifi/openwifi-hw/boards/zc706_fmcs2/src/ipshared/cc23/hdl/axi_register_slice_v2_1_vl_rfs.v
Duplicated file found; will not be sent for synthesis: /home/leo/Documents/openwifi/openwifi-hw/boards/zc706_fmcs2/src/ipshared/7a04/hdl/axi_protocol_converter_v2_1_vl_rfs.v
Duplicated file found; will not be sent for synthesis: /home/leo/Documents/openwifi/openwifi-hw/boards/zc706_fmcs2/src/ipshared/37c2/hdl/blk_mem_gen_v8_4_vhsyn_rfs.vhd
Duplicated file found; will not be sent for synthesis: /home/leo/Documents/openwifi/openwifi-hw/boards/zc706_fmcs2/src/ipshared/64f4/hdl/fifo_generator_v13_2_vhsyn_rfs.vhd
CRC performance measure: elapsed=00:00:01s;;memory_peak=14499.641MB;;memory_gain=0.000MB
